#
# There is insufficient memory for the Java Runtime Environment to continue.
# Native memory allocation (mmap) failed to map 986513408 bytes for committing reserved memory.
# Possible reasons:
#   The system is out of physical RAM or swap space
#   In 32 bit mode, the process size limit was hit
# Possible solutions:
#   Reduce memory load on the system
#   Increase physical memory or swap space
#   Check if swap backing store is full
#   Use 64 bit Java on a 64 bit OS
#   Decrease Java heap size (-Xmx/-Xms)
#   Decrease number of Java threads
#   Decrease Java thread stack sizes (-Xss)
#   Set larger code cache with -XX:ReservedCodeCacheSize=
# This output file may be truncated or incomplete.
#
#  Out of Memory Error (os_linux.cpp:2743), pid=1936, tid=0x00007f9fd31fc700
#
# JRE version:  (8.0_191-b12) (build )
# Java VM: Java HotSpot(TM) 64-Bit Server VM (25.191-b12 mixed mode linux-amd64 compressed oops)
# Failed to write core dump. Core dumps have been disabled. To enable core dumping, try "ulimit -c unlimited" before starting Java again
#

---------------  T H R E A D  ---------------

Current thread (0x00007f9fcc00d000):  JavaThread "Unknown thread" [_thread_in_vm, id=1989, stack(0x00007f9fd30fc000,0x00007f9fd31fd000)]

Stack: [0x00007f9fd30fc000,0x00007f9fd31fd000],  sp=0x00007f9fd31fb4c0,  free space=1021k
Native frames: (J=compiled Java code, j=interpreted, Vv=VM code, C=native code)
V  [libjvm.so+0xace425]  VMError::report_and_die()+0x2c5
V  [libjvm.so+0x4deb77]  report_vm_out_of_memory(char const*, int, unsigned long, VMErrorType, char const*)+0x67
V  [libjvm.so+0x90c570]  os::pd_commit_memory(char*, unsigned long, unsigned long, bool)+0x100
V  [libjvm.so+0x903eaf]  os::commit_memory(char*, unsigned long, unsigned long, bool)+0x1f
V  [libjvm.so+0xaca93c]  VirtualSpace::initialize(ReservedSpace, unsigned long)+0x20c
V  [libjvm.so+0x5ea477]  CardGeneration::CardGeneration(ReservedSpace, unsigned long, int, GenRemSet*)+0xc7
V  [libjvm.so+0x4bc7de]  ConcurrentMarkSweepGeneration::ConcurrentMarkSweepGeneration(ReservedSpace, unsigned long, int, CardTableRS*, bool, FreeBlockDictionary<FreeChunk>::DictionaryChoice)+0x2e
V  [libjvm.so+0x5eb842]  GenerationSpec::init(ReservedSpace, int, GenRemSet*)+0x182
V  [libjvm.so+0x5d699f]  GenCollectedHeap::initialize()+0x20f
V  [libjvm.so+0xa922ba]  Universe::initialize_heap()+0x16a
V  [libjvm.so+0xa92593]  universe_init()+0x33
V  [libjvm.so+0x62f0f0]  init_globals()+0x50
V  [libjvm.so+0xa74c57]  Threads::create_vm(JavaVMInitArgs*, bool*)+0x257
V  [libjvm.so+0x6d49ff]  JNI_CreateJavaVM+0x4f
C  [libjli.so+0x7e74]  JavaMain+0x84
C  [libpthread.so.0+0x8184]  start_thread+0xc4


---------------  P R O C E S S  ---------------

Java Threads: ( => current thread )

Other Threads:

=>0x00007f9fcc00d000 (exited) JavaThread "Unknown thread" [_thread_in_vm, id=1989, stack(0x00007f9fd30fc000,0x00007f9fd31fd000)]

VM state:not at safepoint (not fully initialized)

VM Mutex/Monitor currently owned by a thread: None

GC Heap History (0 events):
No events

Deoptimization events (0 events):
No events

Classes redefined (0 events):
No events

Internal exceptions (0 events):
No events

Events (0 events):
No events


Dynamic libraries:
00400000-00401000 r-xp 00000000 08:01 535075                             /usr/lib/jvm/java-8-oracle/bin/java
00600000-00601000 r--p 00000000 08:01 535075                             /usr/lib/jvm/java-8-oracle/bin/java
00601000-00602000 rw-p 00001000 08:01 535075                             /usr/lib/jvm/java-8-oracle/bin/java
00f2d000-00f4e000 rw-p 00000000 00:00 0                                  [heap]
c0000000-c5330000 rw-p 00000000 00:00 0 
7f9fb8000000-7f9fb8021000 rw-p 00000000 00:00 0 
7f9fb8021000-7f9fbc000000 ---p 00000000 00:00 0 
7f9fbc7ac000-7f9fbca69000 rw-p 00000000 00:00 0 
7f9fbca69000-7f9fbcc3f000 ---p 00000000 00:00 0 
7f9fbcc3f000-7f9fbcc4a000 rw-p 00000000 00:00 0 
7f9fbcc4a000-7f9fbd000000 ---p 00000000 00:00 0 
7f9fbd000000-7f9fbd270000 rwxp 00000000 00:00 0 
7f9fbd270000-7f9fcc000000 ---p 00000000 00:00 0 
7f9fcc000000-7f9fcc038000 rw-p 00000000 00:00 0 
7f9fcc038000-7f9fd0000000 ---p 00000000 00:00 0 
7f9fd002e000-7f9fd012f000 rw-p 00000000 00:00 0 
7f9fd012f000-7f9fd0130000 ---p 00000000 00:00 0 
7f9fd0130000-7f9fd0230000 rw-p 00000000 00:00 0                          [stack:1990]
7f9fd0230000-7f9fd024a000 r-xp 00000000 08:01 669661                     /usr/lib/jvm/java-8-oracle/jre/lib/amd64/libzip.so
7f9fd024a000-7f9fd044a000 ---p 0001a000 08:01 669661                     /usr/lib/jvm/java-8-oracle/jre/lib/amd64/libzip.so
7f9fd044a000-7f9fd044b000 r--p 0001a000 08:01 669661                     /usr/lib/jvm/java-8-oracle/jre/lib/amd64/libzip.so
7f9fd044b000-7f9fd044c000 rw-p 0001b000 08:01 669661                     /usr/lib/jvm/java-8-oracle/jre/lib/amd64/libzip.so
7f9fd0450000-7f9fd045a000 r-xp 00000000 08:01 3046                       /lib/x86_64-linux-gnu/libnss_files-2.19.so
7f9fd045a000-7f9fd0659000 ---p 0000a000 08:01 3046                       /lib/x86_64-linux-gnu/libnss_files-2.19.so
7f9fd0659000-7f9fd065a000 r--p 00009000 08:01 3046                       /lib/x86_64-linux-gnu/libnss_files-2.19.so
7f9fd065a000-7f9fd065b000 rw-p 0000a000 08:01 3046                       /lib/x86_64-linux-gnu/libnss_files-2.19.so
7f9fd0660000-7f9fd066b000 r-xp 00000000 08:01 2993                       /lib/x86_64-linux-gnu/libnss_nis-2.19.so
7f9fd066b000-7f9fd086a000 ---p 0000b000 08:01 2993                       /lib/x86_64-linux-gnu/libnss_nis-2.19.so
7f9fd086a000-7f9fd086b000 r--p 0000a000 08:01 2993                       /lib/x86_64-linux-gnu/libnss_nis-2.19.so
7f9fd086b000-7f9fd086c000 rw-p 0000b000 08:01 2993                       /lib/x86_64-linux-gnu/libnss_nis-2.19.so
7f9fd0870000-7f9fd0887000 r-xp 00000000 08:01 2996                       /lib/x86_64-linux-gnu/libnsl-2.19.so
7f9fd0887000-7f9fd0a86000 ---p 00017000 08:01 2996                       /lib/x86_64-linux-gnu/libnsl-2.19.so
7f9fd0a86000-7f9fd0a87000 r--p 00016000 08:01 2996                       /lib/x86_64-linux-gnu/libnsl-2.19.so
7f9fd0a87000-7f9fd0a88000 rw-p 00017000 08:01 2996                       /lib/x86_64-linux-gnu/libnsl-2.19.so
7f9fd0a88000-7f9fd0a8a000 rw-p 00000000 00:00 0 
7f9fd0a90000-7f9fd0a99000 r-xp 00000000 08:01 2964                       /lib/x86_64-linux-gnu/libnss_compat-2.19.so
7f9fd0a99000-7f9fd0c98000 ---p 00009000 08:01 2964                       /lib/x86_64-linux-gnu/libnss_compat-2.19.so
7f9fd0c98000-7f9fd0c99000 r--p 00008000 08:01 2964                       /lib/x86_64-linux-gnu/libnss_compat-2.19.so
7f9fd0c99000-7f9fd0c9a000 rw-p 00009000 08:01 2964                       /lib/x86_64-linux-gnu/libnss_compat-2.19.so
7f9fd0ca0000-7f9fd0ccd000 r-xp 00000000 08:01 669650                     /usr/lib/jvm/java-8-oracle/jre/lib/amd64/libjava.so
7f9fd0ccd000-7f9fd0ecc000 ---p 0002d000 08:01 669650                     /usr/lib/jvm/java-8-oracle/jre/lib/amd64/libjava.so
7f9fd0ecc000-7f9fd0ecd000 r--p 0002c000 08:01 669650                     /usr/lib/jvm/java-8-oracle/jre/lib/amd64/libjava.so
7f9fd0ecd000-7f9fd0ecf000 rw-p 0002d000 08:01 669650                     /usr/lib/jvm/java-8-oracle/jre/lib/amd64/libjava.so
7f9fd0ed0000-7f9fd0edd000 r-xp 00000000 08:01 669669                     /usr/lib/jvm/java-8-oracle/jre/lib/amd64/libverify.so
7f9fd0edd000-7f9fd10dc000 ---p 0000d000 08:01 669669                     /usr/lib/jvm/java-8-oracle/jre/lib/amd64/libverify.so
7f9fd10dc000-7f9fd10de000 r--p 0000c000 08:01 669669                     /usr/lib/jvm/java-8-oracle/jre/lib/amd64/libverify.so
7f9fd10de000-7f9fd10df000 rw-p 0000e000 08:01 669669                     /usr/lib/jvm/java-8-oracle/jre/lib/amd64/libverify.so
7f9fd10e0000-7f9fd10e7000 r-xp 00000000 08:01 3018                       /lib/x86_64-linux-gnu/librt-2.19.so
7f9fd10e7000-7f9fd12e6000 ---p 00007000 08:01 3018                       /lib/x86_64-linux-gnu/librt-2.19.so
7f9fd12e6000-7f9fd12e7000 r--p 00006000 08:01 3018                       /lib/x86_64-linux-gnu/librt-2.19.so
7f9fd12e7000-7f9fd12e8000 rw-p 00007000 08:01 3018                       /lib/x86_64-linux-gnu/librt-2.19.so
7f9fd12e8000-7f9fd13ed000 r-xp 00000000 08:01 2975                       /lib/x86_64-linux-gnu/libm-2.19.so
7f9fd13ed000-7f9fd15ec000 ---p 00105000 08:01 2975                       /lib/x86_64-linux-gnu/libm-2.19.so
7f9fd15ec000-7f9fd15ed000 r--p 00104000 08:01 2975                       /lib/x86_64-linux-gnu/libm-2.19.so
7f9fd15ed000-7f9fd15ee000 rw-p 00105000 08:01 2975                       /lib/x86_64-linux-gnu/libm-2.19.so
7f9fd15f0000-7f9fd22d2000 r-xp 00000000 08:01 669675                     /usr/lib/jvm/java-8-oracle/jre/lib/amd64/server/libjvm.so
7f9fd22d2000-7f9fd24d2000 ---p 00ce2000 08:01 669675                     /usr/lib/jvm/java-8-oracle/jre/lib/amd64/server/libjvm.so
7f9fd24d2000-7f9fd2568000 r--p 00ce2000 08:01 669675                     /usr/lib/jvm/java-8-oracle/jre/lib/amd64/server/libjvm.so
7f9fd2568000-7f9fd2599000 rw-p 00d78000 08:01 669675                     /usr/lib/jvm/java-8-oracle/jre/lib/amd64/server/libjvm.so
7f9fd2599000-7f9fd25d4000 rw-p 00000000 00:00 0 
7f9fd25d8000-7f9fd2796000 r-xp 00000000 08:01 2941                       /lib/x86_64-linux-gnu/libc-2.19.so
7f9fd2796000-7f9fd2996000 ---p 001be000 08:01 2941                       /lib/x86_64-linux-gnu/libc-2.19.so
7f9fd2996000-7f9fd299a000 r--p 001be000 08:01 2941                       /lib/x86_64-linux-gnu/libc-2.19.so
7f9fd299a000-7f9fd299c000 rw-p 001c2000 08:01 2941                       /lib/x86_64-linux-gnu/libc-2.19.so
7f9fd299c000-7f9fd29a1000 rw-p 00000000 00:00 0 
7f9fd29a8000-7f9fd29ab000 r-xp 00000000 08:01 3143                       /lib/x86_64-linux-gnu/libdl-2.19.so
7f9fd29ab000-7f9fd2baa000 ---p 00003000 08:01 3143                       /lib/x86_64-linux-gnu/libdl-2.19.so
7f9fd2baa000-7f9fd2bab000 r--p 00002000 08:01 3143                       /lib/x86_64-linux-gnu/libdl-2.19.so
7f9fd2bab000-7f9fd2bac000 rw-p 00003000 08:01 3143                       /lib/x86_64-linux-gnu/libdl-2.19.so
7f9fd2bb0000-7f9fd2bc7000 r-xp 00000000 08:01 1181961                    /usr/lib/jvm/java-8-oracle/lib/amd64/jli/libjli.so
7f9fd2bc7000-7f9fd2dc6000 ---p 00017000 08:01 1181961                    /usr/lib/jvm/java-8-oracle/lib/amd64/jli/libjli.so
7f9fd2dc6000-7f9fd2dc7000 r--p 00016000 08:01 1181961                    /usr/lib/jvm/java-8-oracle/lib/amd64/jli/libjli.so
7f9fd2dc7000-7f9fd2dc8000 rw-p 00017000 08:01 1181961                    /usr/lib/jvm/java-8-oracle/lib/amd64/jli/libjli.so
7f9fd2dc8000-7f9fd2de1000 r-xp 00000000 08:01 2968                       /lib/x86_64-linux-gnu/libpthread-2.19.so
7f9fd2de1000-7f9fd2fe0000 ---p 00019000 08:01 2968                       /lib/x86_64-linux-gnu/libpthread-2.19.so
7f9fd2fe0000-7f9fd2fe1000 r--p 00018000 08:01 2968                       /lib/x86_64-linux-gnu/libpthread-2.19.so
7f9fd2fe1000-7f9fd2fe2000 rw-p 00019000 08:01 2968                       /lib/x86_64-linux-gnu/libpthread-2.19.so
7f9fd2fe2000-7f9fd2fe6000 rw-p 00000000 00:00 0 
7f9fd2fe8000-7f9fd300b000 r-xp 00000000 08:01 3086                       /lib/x86_64-linux-gnu/ld-2.19.so
7f9fd30f0000-7f9fd30f8000 rw-s 00000000 08:01 279051                     /tmp/hsperfdata_vagrant/1936
7f9fd30fc000-7f9fd30ff000 ---p 00000000 00:00 0 
7f9fd30ff000-7f9fd3200000 rw-p 00000000 00:00 0                          [stack:1989]
7f9fd3203000-7f9fd3208000 rw-p 00000000 00:00 0 
7f9fd3208000-7f9fd3209000 r--p 00000000 00:00 0 
7f9fd3209000-7f9fd320a000 rw-p 00000000 00:00 0 
7f9fd320a000-7f9fd320b000 r--p 00022000 08:01 3086                       /lib/x86_64-linux-gnu/ld-2.19.so
7f9fd320b000-7f9fd320c000 rw-p 00023000 08:01 3086                       /lib/x86_64-linux-gnu/ld-2.19.so
7f9fd320c000-7f9fd320e000 rw-p 00000000 00:00 0 
7ffc71ee5000-7ffc71f07000 rw-p 00000000 00:00 0                          [stack]
7ffc71f80000-7ffc71f82000 r-xp 00000000 00:00 0                          [vdso]
ffffffffff600000-ffffffffff601000 r-xp 00000000 00:00 0                  [vsyscall]

VM Arguments:
jvm_args: -Xms1g -Xmx1g -XX:+UseConcMarkSweepGC -XX:CMSInitiatingOccupancyFraction=75 -XX:+UseCMSInitiatingOccupancyOnly -XX:+AlwaysPreTouch -Xss1m -Djava.awt.headless=true -Dfile.encoding=UTF-8 -Djna.nosys=true -XX:-OmitStackTraceInFastThrow -Dio.netty.noUnsafe=true -Dio.netty.noKeySetOptimization=true -Dio.netty.recycler.maxCapacityPerThread=0 -Dlog4j.shutdownHookEnabled=false -Dlog4j2.disable.jmx=true -Djava.io.tmpdir=/tmp/elasticsearch.bG8Hp2ca -XX:+HeapDumpOnOutOfMemoryError -XX:+PrintGCDetails -XX:+PrintGCDateStamps -XX:+PrintTenuringDistribution -XX:+PrintGCApplicationStoppedTime -Xloggc:logs/gc.log -XX:+UseGCLogFileRotation -XX:NumberOfGCLogFiles=32 -XX:GCLogFileSize=64m -Des.path.home=/vagrant/chelsea/elasticsearch-6.2.3 -Des.path.conf=/vagrant/chelsea/elasticsearch-6.2.3/config 
java_command: org.elasticsearch.bootstrap.Elasticsearch -E cluster.name=elasticsearch-test-vagrant-ubuntu-trusty-64 -E node.name=node-2 -E http.port=9251 -E path.data=/tmp/elasticsearch_test -E path.logs=/tmp/log/elasticsearch -E cluster.routing.allocation.disk.threshold_enabled=false -E network.host=_local_ -E node.attr.testattr=test -E path.repo=/tmp -E repositories.url.allowed_urls=http://snapshot.test* -E discovery.zen.minimum_master_nodes=1 -E node.max_local_storage_nodes=2 -E logger.level=INFO
java_class_path (initial): /vagrant/chelsea/elasticsearch-6.2.3/lib/elasticsearch-6.2.3.jar:/vagrant/chelsea/elasticsearch-6.2.3/lib/elasticsearch-cli-6.2.3.jar:/vagrant/chelsea/elasticsearch-6.2.3/lib/elasticsearch-core-6.2.3.jar:/vagrant/chelsea/elasticsearch-6.2.3/lib/elasticsearch-launchers-6.2.3.jar:/vagrant/chelsea/elasticsearch-6.2.3/lib/HdrHistogram-2.1.9.jar:/vagrant/chelsea/elasticsearch-6.2.3/lib/hppc-0.7.1.jar:/vagrant/chelsea/elasticsearch-6.2.3/lib/jackson-core-2.8.10.jar:/vagrant/chelsea/elasticsearch-6.2.3/lib/jackson-dataformat-cbor-2.8.10.jar:/vagrant/chelsea/elasticsearch-6.2.3/lib/jackson-dataformat-smile-2.8.10.jar:/vagrant/chelsea/elasticsearch-6.2.3/lib/jackson-dataformat-yaml-2.8.10.jar:/vagrant/chelsea/elasticsearch-6.2.3/lib/jna-4.5.1.jar:/vagrant/chelsea/elasticsearch-6.2.3/lib/joda-time-2.9.9.jar:/vagrant/chelsea/elasticsearch-6.2.3/lib/jopt-simple-5.0.2.jar:/vagrant/chelsea/elasticsearch-6.2.3/lib/jts-1.13.jar:/vagrant/chelsea/elasticsearch-6.2.3/lib/log4j-1.2-api-2.9.1.jar:/vagrant/chelsea/elasticsearch-6.2.3/lib/log4j-api-2.9.1.jar:/vagrant/chelsea/elasticsearch-6.2.3/lib/log4j-core-2.9.1.jar:/vagrant/chelsea/elasticsearch-6.2.3/lib/lucene-analyzers-common-7.2.1.jar:/vagrant/chelsea/elasticsearch-6.2.3/lib/lucene-backward-codecs-7.2.1.jar:/vagrant/chelsea/elasticsearch-6.2.3/lib/lucene-core-7.2.1.jar:/vagrant/chelsea/elasticsearch-6.2.3/lib/lucene-grouping-7.2.1.jar:/vagrant/chelsea/elasticsearch-6.2.3/lib/lucene-highlighter-7.2.1.jar:/vagrant/chelsea/elasticsearch-6.2.3/lib/lucene-join-7.2.1.jar:/vagrant/chelsea/elasticsearch-6.2.3/lib/lucene-memory-7.2.1.jar:/vagrant/chelsea/elasticsearch-6.2.3/lib/lucene-misc-7.2.1.jar:/vagrant/chelsea/elasticsearch-6.2.3/lib/lucene-queries-7.2.1.jar:/vagrant/chelsea/elasticsearch-6.2.3/lib/lucene-queryparser-7.2.1.jar:/vagrant/chelsea/elasticsearch-6.2.3/lib/lucene-sandbox-7.2.1.jar:/vagrant/chelsea/elasticsearch-6.2.3/lib/lucene-spatial-7.2.1.jar:/vagrant/chelsea/elasticsearch-6.2.3/lib/lucene-s
Launcher Type: SUN_STANDARD

Environment Variables:
JAVA_HOME=/usr/lib/jvm/java-8-oracle
PATH=/home/vagrant/.rbenv/versions/2.5.3/lib/ruby/gems/2.5.0/bin:/home/vagrant/.rbenv/versions/2.5.3/bin:/usr/lib/rbenv/libexec:/home/vagrant/.rbenv/plugins/ruby-build/bin:/home/vagrant/.rbenv/shims:/home/vagrant/.rbenv/bin:/usr/local/sbin:/usr/local/bin:/usr/sbin:/usr/bin:/sbin:/bin:/usr/games:/usr/local/games:/usr/lib/jvm/java-8-oracle/bin:/usr/lib/jvm/java-8-oracle/db/bin:/usr/lib/jvm/java-8-oracle/jre/bin
SHELL=/bin/bash

Signal Handlers:
SIGSEGV: [libjvm.so+0xaced60], sa_mask[0]=11111111011111111101111111111110, sa_flags=SA_RESTART|SA_SIGINFO
SIGBUS: [libjvm.so+0xaced60], sa_mask[0]=11111111011111111101111111111110, sa_flags=SA_RESTART|SA_SIGINFO
SIGFPE: [libjvm.so+0x907ca0], sa_mask[0]=11111111011111111101111111111110, sa_flags=SA_RESTART|SA_SIGINFO
SIGPIPE: [libjvm.so+0x907ca0], sa_mask[0]=11111111011111111101111111111110, sa_flags=SA_RESTART|SA_SIGINFO
SIGXFSZ: [libjvm.so+0x907ca0], sa_mask[0]=11111111011111111101111111111110, sa_flags=SA_RESTART|SA_SIGINFO
SIGILL: [libjvm.so+0x907ca0], sa_mask[0]=11111111011111111101111111111110, sa_flags=SA_RESTART|SA_SIGINFO
SIGUSR1: SIG_DFL, sa_mask[0]=00000000000000000000000000000000, sa_flags=none
SIGUSR2: [libjvm.so+0x907b70], sa_mask[0]=00000000000000000000000000000000, sa_flags=SA_RESTART|SA_SIGINFO
SIGHUP: SIG_DFL, sa_mask[0]=00000000000000000000000000000000, sa_flags=none
SIGINT: SIG_DFL, sa_mask[0]=00000000000000000000000000000000, sa_flags=none
SIGTERM: SIG_DFL, sa_mask[0]=00000000000000000000000000000000, sa_flags=none
SIGQUIT: SIG_DFL, sa_mask[0]=00000000000000000000000000000000, sa_flags=none


---------------  S Y S T E M  ---------------

OS:DISTRIB_ID=Ubuntu
DISTRIB_RELEASE=14.04
DISTRIB_CODENAME=trusty
DISTRIB_DESCRIPTION="Ubuntu 14.04.5 LTS"

uname:Linux 3.13.0-161-generic #211-Ubuntu SMP Wed Oct 3 14:52:35 UTC 2018 x86_64
libc:glibc 2.19 NPTL 2.19 
rlimit: STACK 8192k, CORE 0k, NPROC 15932, NOFILE 4096, AS infinity
load average:0.74 0.28 0.10

/proc/meminfo:
MemTotal:        2049856 kB
MemFree:          251628 kB
Buffers:           27064 kB
Cached:           173376 kB
SwapCached:            0 kB
Active:          1606696 kB
Inactive:         129768 kB
Active(anon):    1537052 kB
Inactive(anon):    10660 kB
Active(file):      69644 kB
Inactive(file):   119108 kB
Unevictable:           0 kB
Mlocked:               0 kB
SwapTotal:             0 kB
SwapFree:              0 kB
Dirty:               168 kB
Writeback:             0 kB
AnonPages:       1536044 kB
Mapped:            52996 kB
Shmem:             11668 kB
Slab:              34484 kB
SReclaimable:      25696 kB
SUnreclaim:         8788 kB
KernelStack:        1200 kB
PageTables:         7652 kB
NFS_Unstable:          0 kB
Bounce:                0 kB
WritebackTmp:          0 kB
CommitLimit:     1024928 kB
Committed_AS:    2004816 kB
VmallocTotal:   34359738367 kB
VmallocUsed:       26504 kB
VmallocChunk:   34359706616 kB
HardwareCorrupted:     0 kB
AnonHugePages:   1308672 kB
HugePages_Total:       0
HugePages_Free:        0
HugePages_Rsvd:        0
HugePages_Surp:        0
Hugepagesize:       2048 kB
DirectMap4k:       34752 kB
DirectMap2M:     2062336 kB


CPU:total 1 (initial active 1) (1 cores per cpu, 1 threads per core) family 21 model 48 stepping 1, cmov, cx8, fxsr, mmx, sse, sse2, sse3, ssse3, sse4.1, sse4.2, popcnt, avx, aes, clmul, mmxext, lzcnt, sse4a, tsc

/proc/cpuinfo:
processor	: 0
vendor_id	: AuthenticAMD
cpu family	: 21
model		: 48
model name	: AMD A10-7800 Radeon R7, 12 Compute Cores 4C+8G
stepping	: 1
microcode	: 0x6000626
cpu MHz		: 3491.275
cache size	: 2048 KB
physical id	: 0
siblings	: 1
core id		: 0
cpu cores	: 1
apicid		: 0
initial apicid	: 0
fpu		: yes
fpu_exception	: yes
cpuid level	: 13
wp		: yes
flags		: fpu vme de pse tsc msr pae mce cx8 apic sep mtrr pge mca cmov pat pse36 clflush mmx fxsr sse sse2 syscall nx mmxext fxsr_opt rdtscp lm rep_good nopl extd_apicid eagerfpu pni pclmulqdq monitor ssse3 cx16 sse4_1 sse4_2 popcnt aes xsave avx lahf_lm cr8_legacy abm sse4a misalignsse 3dnowprefetch arat rsb_ctxsw ssbd ls_cfg_ssbd retpoline retpoline_amd vmmcall fsgsbase
bogomips	: 6982.55
TLB size	: 1536 4K pages
clflush size	: 64
cache_alignment	: 64
address sizes	: 48 bits physical, 48 bits virtual
power management:



Memory: 4k page, physical 2049856k(251628k free), swap 0k(0k free)

vm_info: Java HotSpot(TM) 64-Bit Server VM (25.191-b12) for linux-amd64 JRE (1.8.0_191-b12), built on Oct  6 2018 05:43:09 by "java_re" with gcc 7.3.0

time: Wed Nov 14 17:47:34 2018
elapsed time: 1 seconds (0d 0h 0m 1s)

