#
# There is insufficient memory for the Java Runtime Environment to continue.
# Native memory allocation (mmap) failed to map 449642496 bytes for committing reserved memory.
# Possible reasons:
#   The system is out of physical RAM or swap space
#   In 32 bit mode, the process size limit was hit
# Possible solutions:
#   Reduce memory load on the system
#   Increase physical memory or swap space
#   Check if swap backing store is full
#   Use 64 bit Java on a 64 bit OS
#   Decrease Java heap size (-Xmx/-Xms)
#   Decrease number of Java threads
#   Decrease Java thread stack sizes (-Xss)
#   Set larger code cache with -XX:ReservedCodeCacheSize=
# This output file may be truncated or incomplete.
#
#  Out of Memory Error (os_linux.cpp:2743), pid=3461, tid=0x00007fd01af31700
#
# JRE version:  (8.0_191-b12) (build )
# Java VM: Java HotSpot(TM) 64-Bit Server VM (25.191-b12 mixed mode linux-amd64 compressed oops)
# Failed to write core dump. Core dumps have been disabled. To enable core dumping, try "ulimit -c unlimited" before starting Java again
#

---------------  T H R E A D  ---------------

Current thread (0x00007fd01400d000):  JavaThread "Unknown thread" [_thread_in_vm, id=3497, stack(0x00007fd01ae31000,0x00007fd01af32000)]

Stack: [0x00007fd01ae31000,0x00007fd01af32000],  sp=0x00007fd01af304c0,  free space=1021k
Native frames: (J=compiled Java code, j=interpreted, Vv=VM code, C=native code)
V  [libjvm.so+0xace425]  VMError::report_and_die()+0x2c5
V  [libjvm.so+0x4deb77]  report_vm_out_of_memory(char const*, int, unsigned long, VMErrorType, char const*)+0x67
V  [libjvm.so+0x90c570]  os::pd_commit_memory(char*, unsigned long, unsigned long, bool)+0x100
V  [libjvm.so+0x903eaf]  os::commit_memory(char*, unsigned long, unsigned long, bool)+0x1f
V  [libjvm.so+0xaca93c]  VirtualSpace::initialize(ReservedSpace, unsigned long)+0x20c
V  [libjvm.so+0x5ea477]  CardGeneration::CardGeneration(ReservedSpace, unsigned long, int, GenRemSet*)+0xc7
V  [libjvm.so+0x4bc7de]  ConcurrentMarkSweepGeneration::ConcurrentMarkSweepGeneration(ReservedSpace, unsigned long, int, CardTableRS*, bool, FreeBlockDictionary<FreeChunk>::DictionaryChoice)+0x2e
V  [libjvm.so+0x5eb842]  GenerationSpec::init(ReservedSpace, int, GenRemSet*)+0x182
V  [libjvm.so+0x5d699f]  GenCollectedHeap::initialize()+0x20f
V  [libjvm.so+0xa922ba]  Universe::initialize_heap()+0x16a
V  [libjvm.so+0xa92593]  universe_init()+0x33
V  [libjvm.so+0x62f0f0]  init_globals()+0x50
V  [libjvm.so+0xa74c57]  Threads::create_vm(JavaVMInitArgs*, bool*)+0x257
V  [libjvm.so+0x6d49ff]  JNI_CreateJavaVM+0x4f
C  [libjli.so+0x7e74]  JavaMain+0x84
C  [libpthread.so.0+0x8184]  start_thread+0xc4


---------------  P R O C E S S  ---------------

Java Threads: ( => current thread )

Other Threads:

=>0x00007fd01400d000 (exited) JavaThread "Unknown thread" [_thread_in_vm, id=3497, stack(0x00007fd01ae31000,0x00007fd01af32000)]

VM state:not at safepoint (not fully initialized)

VM Mutex/Monitor currently owned by a thread: None

GC Heap History (0 events):
No events

Deoptimization events (0 events):
No events

Classes redefined (0 events):
No events

Internal exceptions (0 events):
No events

Events (0 events):
No events


Dynamic libraries:
00400000-00401000 r-xp 00000000 08:01 535075                             /usr/lib/jvm/java-8-oracle/bin/java
00600000-00601000 r--p 00000000 08:01 535075                             /usr/lib/jvm/java-8-oracle/bin/java
00601000-00602000 rw-p 00001000 08:01 535075                             /usr/lib/jvm/java-8-oracle/bin/java
01528000-01549000 rw-p 00000000 00:00 0                                  [heap]
e0000000-e5330000 rw-p 00000000 00:00 0 
7fd000000000-7fd000021000 rw-p 00000000 00:00 0 
7fd000021000-7fd004000000 ---p 00000000 00:00 0 
7fd00458b000-7fd004949000 rw-p 00000000 00:00 0 
7fd004949000-7fd004a1f000 ---p 00000000 00:00 0 
7fd004a1f000-7fd004a2a000 rw-p 00000000 00:00 0 
7fd004a2a000-7fd004de0000 ---p 00000000 00:00 0 
7fd004de0000-7fd005050000 rwxp 00000000 00:00 0 
7fd005050000-7fd013de0000 ---p 00000000 00:00 0 
7fd013de0000-7fd013dfa000 r-xp 00000000 08:01 669661                     /usr/lib/jvm/java-8-oracle/jre/lib/amd64/libzip.so
7fd013dfa000-7fd013ffa000 ---p 0001a000 08:01 669661                     /usr/lib/jvm/java-8-oracle/jre/lib/amd64/libzip.so
7fd013ffa000-7fd013ffb000 r--p 0001a000 08:01 669661                     /usr/lib/jvm/java-8-oracle/jre/lib/amd64/libzip.so
7fd013ffb000-7fd013ffc000 rw-p 0001b000 08:01 669661                     /usr/lib/jvm/java-8-oracle/jre/lib/amd64/libzip.so
7fd014000000-7fd014038000 rw-p 00000000 00:00 0 
7fd014038000-7fd018000000 ---p 00000000 00:00 0 
7fd018077000-7fd018078000 ---p 00000000 00:00 0 
7fd018078000-7fd018178000 rw-p 00000000 00:00 0                          [stack:3498]
7fd018178000-7fd018182000 r-xp 00000000 08:01 3046                       /lib/x86_64-linux-gnu/libnss_files-2.19.so
7fd018182000-7fd018381000 ---p 0000a000 08:01 3046                       /lib/x86_64-linux-gnu/libnss_files-2.19.so
7fd018381000-7fd018382000 r--p 00009000 08:01 3046                       /lib/x86_64-linux-gnu/libnss_files-2.19.so
7fd018382000-7fd018383000 rw-p 0000a000 08:01 3046                       /lib/x86_64-linux-gnu/libnss_files-2.19.so
7fd018388000-7fd018393000 r-xp 00000000 08:01 2993                       /lib/x86_64-linux-gnu/libnss_nis-2.19.so
7fd018393000-7fd018592000 ---p 0000b000 08:01 2993                       /lib/x86_64-linux-gnu/libnss_nis-2.19.so
7fd018592000-7fd018593000 r--p 0000a000 08:01 2993                       /lib/x86_64-linux-gnu/libnss_nis-2.19.so
7fd018593000-7fd018594000 rw-p 0000b000 08:01 2993                       /lib/x86_64-linux-gnu/libnss_nis-2.19.so
7fd018598000-7fd0185af000 r-xp 00000000 08:01 2996                       /lib/x86_64-linux-gnu/libnsl-2.19.so
7fd0185af000-7fd0187ae000 ---p 00017000 08:01 2996                       /lib/x86_64-linux-gnu/libnsl-2.19.so
7fd0187ae000-7fd0187af000 r--p 00016000 08:01 2996                       /lib/x86_64-linux-gnu/libnsl-2.19.so
7fd0187af000-7fd0187b0000 rw-p 00017000 08:01 2996                       /lib/x86_64-linux-gnu/libnsl-2.19.so
7fd0187b0000-7fd0187b2000 rw-p 00000000 00:00 0 
7fd0187b8000-7fd0187c1000 r-xp 00000000 08:01 2964                       /lib/x86_64-linux-gnu/libnss_compat-2.19.so
7fd0187c1000-7fd0189c0000 ---p 00009000 08:01 2964                       /lib/x86_64-linux-gnu/libnss_compat-2.19.so
7fd0189c0000-7fd0189c1000 r--p 00008000 08:01 2964                       /lib/x86_64-linux-gnu/libnss_compat-2.19.so
7fd0189c1000-7fd0189c2000 rw-p 00009000 08:01 2964                       /lib/x86_64-linux-gnu/libnss_compat-2.19.so
7fd0189c8000-7fd0189f5000 r-xp 00000000 08:01 669650                     /usr/lib/jvm/java-8-oracle/jre/lib/amd64/libjava.so
7fd0189f5000-7fd018bf4000 ---p 0002d000 08:01 669650                     /usr/lib/jvm/java-8-oracle/jre/lib/amd64/libjava.so
7fd018bf4000-7fd018bf5000 r--p 0002c000 08:01 669650                     /usr/lib/jvm/java-8-oracle/jre/lib/amd64/libjava.so
7fd018bf5000-7fd018bf7000 rw-p 0002d000 08:01 669650                     /usr/lib/jvm/java-8-oracle/jre/lib/amd64/libjava.so
7fd018bf8000-7fd018c05000 r-xp 00000000 08:01 669669                     /usr/lib/jvm/java-8-oracle/jre/lib/amd64/libverify.so
7fd018c05000-7fd018e04000 ---p 0000d000 08:01 669669                     /usr/lib/jvm/java-8-oracle/jre/lib/amd64/libverify.so
7fd018e04000-7fd018e06000 r--p 0000c000 08:01 669669                     /usr/lib/jvm/java-8-oracle/jre/lib/amd64/libverify.so
7fd018e06000-7fd018e07000 rw-p 0000e000 08:01 669669                     /usr/lib/jvm/java-8-oracle/jre/lib/amd64/libverify.so
7fd018e08000-7fd018e0f000 r-xp 00000000 08:01 3018                       /lib/x86_64-linux-gnu/librt-2.19.so
7fd018e0f000-7fd01900e000 ---p 00007000 08:01 3018                       /lib/x86_64-linux-gnu/librt-2.19.so
7fd01900e000-7fd01900f000 r--p 00006000 08:01 3018                       /lib/x86_64-linux-gnu/librt-2.19.so
7fd01900f000-7fd019010000 rw-p 00007000 08:01 3018                       /lib/x86_64-linux-gnu/librt-2.19.so
7fd019010000-7fd019115000 r-xp 00000000 08:01 2975                       /lib/x86_64-linux-gnu/libm-2.19.so
7fd019115000-7fd019314000 ---p 00105000 08:01 2975                       /lib/x86_64-linux-gnu/libm-2.19.so
7fd019314000-7fd019315000 r--p 00104000 08:01 2975                       /lib/x86_64-linux-gnu/libm-2.19.so
7fd019315000-7fd019316000 rw-p 00105000 08:01 2975                       /lib/x86_64-linux-gnu/libm-2.19.so
7fd019318000-7fd019ffa000 r-xp 00000000 08:01 669675                     /usr/lib/jvm/java-8-oracle/jre/lib/amd64/server/libjvm.so
7fd019ffa000-7fd01a1fa000 ---p 00ce2000 08:01 669675                     /usr/lib/jvm/java-8-oracle/jre/lib/amd64/server/libjvm.so
7fd01a1fa000-7fd01a290000 r--p 00ce2000 08:01 669675                     /usr/lib/jvm/java-8-oracle/jre/lib/amd64/server/libjvm.so
7fd01a290000-7fd01a2c1000 rw-p 00d78000 08:01 669675                     /usr/lib/jvm/java-8-oracle/jre/lib/amd64/server/libjvm.so
7fd01a2c1000-7fd01a2fc000 rw-p 00000000 00:00 0 
7fd01a300000-7fd01a4be000 r-xp 00000000 08:01 2941                       /lib/x86_64-linux-gnu/libc-2.19.so
7fd01a4be000-7fd01a6be000 ---p 001be000 08:01 2941                       /lib/x86_64-linux-gnu/libc-2.19.so
7fd01a6be000-7fd01a6c2000 r--p 001be000 08:01 2941                       /lib/x86_64-linux-gnu/libc-2.19.so
7fd01a6c2000-7fd01a6c4000 rw-p 001c2000 08:01 2941                       /lib/x86_64-linux-gnu/libc-2.19.so
7fd01a6c4000-7fd01a6c9000 rw-p 00000000 00:00 0 
7fd01a6d0000-7fd01a6d3000 r-xp 00000000 08:01 3143                       /lib/x86_64-linux-gnu/libdl-2.19.so
7fd01a6d3000-7fd01a8d2000 ---p 00003000 08:01 3143                       /lib/x86_64-linux-gnu/libdl-2.19.so
7fd01a8d2000-7fd01a8d3000 r--p 00002000 08:01 3143                       /lib/x86_64-linux-gnu/libdl-2.19.so
7fd01a8d3000-7fd01a8d4000 rw-p 00003000 08:01 3143                       /lib/x86_64-linux-gnu/libdl-2.19.so
7fd01a8d8000-7fd01a8ef000 r-xp 00000000 08:01 1181961                    /usr/lib/jvm/java-8-oracle/lib/amd64/jli/libjli.so
7fd01a8ef000-7fd01aaee000 ---p 00017000 08:01 1181961                    /usr/lib/jvm/java-8-oracle/lib/amd64/jli/libjli.so
7fd01aaee000-7fd01aaef000 r--p 00016000 08:01 1181961                    /usr/lib/jvm/java-8-oracle/lib/amd64/jli/libjli.so
7fd01aaef000-7fd01aaf0000 rw-p 00017000 08:01 1181961                    /usr/lib/jvm/java-8-oracle/lib/amd64/jli/libjli.so
7fd01aaf0000-7fd01ab09000 r-xp 00000000 08:01 2968                       /lib/x86_64-linux-gnu/libpthread-2.19.so
7fd01ab09000-7fd01ad08000 ---p 00019000 08:01 2968                       /lib/x86_64-linux-gnu/libpthread-2.19.so
7fd01ad08000-7fd01ad09000 r--p 00018000 08:01 2968                       /lib/x86_64-linux-gnu/libpthread-2.19.so
7fd01ad09000-7fd01ad0a000 rw-p 00019000 08:01 2968                       /lib/x86_64-linux-gnu/libpthread-2.19.so
7fd01ad0a000-7fd01ad0e000 rw-p 00000000 00:00 0 
7fd01ad10000-7fd01ad33000 r-xp 00000000 08:01 3086                       /lib/x86_64-linux-gnu/ld-2.19.so
7fd01ae25000-7fd01ae28000 rw-p 00000000 00:00 0 
7fd01ae28000-7fd01ae30000 rw-s 00000000 08:01 279051                     /tmp/hsperfdata_vagrant/3461
7fd01ae30000-7fd01ae31000 rw-p 00000000 00:00 0 
7fd01ae31000-7fd01ae34000 ---p 00000000 00:00 0 
7fd01ae34000-7fd01af32000 rw-p 00000000 00:00 0                          [stack:3497]
7fd01af32000-7fd01af33000 r--p 00022000 08:01 3086                       /lib/x86_64-linux-gnu/ld-2.19.so
7fd01af33000-7fd01af34000 rw-p 00023000 08:01 3086                       /lib/x86_64-linux-gnu/ld-2.19.so
7fd01af34000-7fd01af36000 rw-p 00000000 00:00 0 
7fd01af36000-7fd01af37000 r--p 00000000 00:00 0 
7fd01af37000-7fd01af3c000 rw-p 00000000 00:00 0 
7ffd36983000-7ffd369a5000 rw-p 00000000 00:00 0                          [stack]
7ffd369a8000-7ffd369aa000 r-xp 00000000 00:00 0                          [vdso]
ffffffffff600000-ffffffffff601000 r-xp 00000000 00:00 0                  [vsyscall]

VM Arguments:
jvm_args: -Xms512m -Xmx512m -XX:+UseConcMarkSweepGC -XX:CMSInitiatingOccupancyFraction=75 -XX:+UseCMSInitiatingOccupancyOnly -XX:+AlwaysPreTouch -Xss1m -Djava.awt.headless=true -Dfile.encoding=UTF-8 -Djna.nosys=true -XX:-OmitStackTraceInFastThrow -Dio.netty.noUnsafe=true -Dio.netty.noKeySetOptimization=true -Dio.netty.recycler.maxCapacityPerThread=0 -Dlog4j.shutdownHookEnabled=false -Dlog4j2.disable.jmx=true -Djava.io.tmpdir=/tmp/elasticsearch.2S8yjtPJ -XX:+HeapDumpOnOutOfMemoryError -XX:+PrintGCDetails -XX:+PrintGCDateStamps -XX:+PrintTenuringDistribution -XX:+PrintGCApplicationStoppedTime -Xloggc:logs/gc.log -XX:+UseGCLogFileRotation -XX:NumberOfGCLogFiles=32 -XX:GCLogFileSize=64m -Des.path.home=/vagrant/chelsea/elasticsearch-6.2.3 -Des.path.conf=/vagrant/chelsea/elasticsearch-6.2.3/config 
java_command: org.elasticsearch.bootstrap.Elasticsearch -E cluster.name=elasticsearch-test-vagrant-ubuntu-trusty-64 -E node.name=node-2 -E http.port=9251 -E path.data=/tmp/elasticsearch_test -E path.logs=/tmp/log/elasticsearch -E cluster.routing.allocation.disk.threshold_enabled=false -E network.host=_local_ -E node.attr.testattr=test -E path.repo=/tmp -E repositories.url.allowed_urls=http://snapshot.test* -E discovery.zen.minimum_master_nodes=1 -E node.max_local_storage_nodes=2 -E logger.level=INFO
java_class_path (initial): /vagrant/chelsea/elasticsearch-6.2.3/lib/elasticsearch-6.2.3.jar:/vagrant/chelsea/elasticsearch-6.2.3/lib/elasticsearch-cli-6.2.3.jar:/vagrant/chelsea/elasticsearch-6.2.3/lib/elasticsearch-core-6.2.3.jar:/vagrant/chelsea/elasticsearch-6.2.3/lib/elasticsearch-launchers-6.2.3.jar:/vagrant/chelsea/elasticsearch-6.2.3/lib/HdrHistogram-2.1.9.jar:/vagrant/chelsea/elasticsearch-6.2.3/lib/hppc-0.7.1.jar:/vagrant/chelsea/elasticsearch-6.2.3/lib/jackson-core-2.8.10.jar:/vagrant/chelsea/elasticsearch-6.2.3/lib/jackson-dataformat-cbor-2.8.10.jar:/vagrant/chelsea/elasticsearch-6.2.3/lib/jackson-dataformat-smile-2.8.10.jar:/vagrant/chelsea/elasticsearch-6.2.3/lib/jackson-dataformat-yaml-2.8.10.jar:/vagrant/chelsea/elasticsearch-6.2.3/lib/jna-4.5.1.jar:/vagrant/chelsea/elasticsearch-6.2.3/lib/joda-time-2.9.9.jar:/vagrant/chelsea/elasticsearch-6.2.3/lib/jopt-simple-5.0.2.jar:/vagrant/chelsea/elasticsearch-6.2.3/lib/jts-1.13.jar:/vagrant/chelsea/elasticsearch-6.2.3/lib/log4j-1.2-api-2.9.1.jar:/vagrant/chelsea/elasticsearch-6.2.3/lib/log4j-api-2.9.1.jar:/vagrant/chelsea/elasticsearch-6.2.3/lib/log4j-core-2.9.1.jar:/vagrant/chelsea/elasticsearch-6.2.3/lib/lucene-analyzers-common-7.2.1.jar:/vagrant/chelsea/elasticsearch-6.2.3/lib/lucene-backward-codecs-7.2.1.jar:/vagrant/chelsea/elasticsearch-6.2.3/lib/lucene-core-7.2.1.jar:/vagrant/chelsea/elasticsearch-6.2.3/lib/lucene-grouping-7.2.1.jar:/vagrant/chelsea/elasticsearch-6.2.3/lib/lucene-highlighter-7.2.1.jar:/vagrant/chelsea/elasticsearch-6.2.3/lib/lucene-join-7.2.1.jar:/vagrant/chelsea/elasticsearch-6.2.3/lib/lucene-memory-7.2.1.jar:/vagrant/chelsea/elasticsearch-6.2.3/lib/lucene-misc-7.2.1.jar:/vagrant/chelsea/elasticsearch-6.2.3/lib/lucene-queries-7.2.1.jar:/vagrant/chelsea/elasticsearch-6.2.3/lib/lucene-queryparser-7.2.1.jar:/vagrant/chelsea/elasticsearch-6.2.3/lib/lucene-sandbox-7.2.1.jar:/vagrant/chelsea/elasticsearch-6.2.3/lib/lucene-spatial-7.2.1.jar:/vagrant/chelsea/elasticsearch-6.2.3/lib/lucene-s
Launcher Type: SUN_STANDARD

Environment Variables:
JAVA_HOME=/usr/lib/jvm/java-8-oracle
PATH=/home/vagrant/.rbenv/versions/2.5.3/lib/ruby/gems/2.5.0/bin:/home/vagrant/.rbenv/versions/2.5.3/bin:/usr/lib/rbenv/libexec:/home/vagrant/.rbenv/plugins/ruby-build/bin:/home/vagrant/.rbenv/shims:/home/vagrant/.rbenv/bin:/usr/local/sbin:/usr/local/bin:/usr/sbin:/usr/bin:/sbin:/bin:/usr/games:/usr/local/games:/usr/lib/jvm/java-8-oracle/bin:/usr/lib/jvm/java-8-oracle/db/bin:/usr/lib/jvm/java-8-oracle/jre/bin
SHELL=/bin/bash

Signal Handlers:
SIGSEGV: [libjvm.so+0xaced60], sa_mask[0]=11111111011111111101111111111110, sa_flags=SA_RESTART|SA_SIGINFO
SIGBUS: [libjvm.so+0xaced60], sa_mask[0]=11111111011111111101111111111110, sa_flags=SA_RESTART|SA_SIGINFO
SIGFPE: [libjvm.so+0x907ca0], sa_mask[0]=11111111011111111101111111111110, sa_flags=SA_RESTART|SA_SIGINFO
SIGPIPE: [libjvm.so+0x907ca0], sa_mask[0]=11111111011111111101111111111110, sa_flags=SA_RESTART|SA_SIGINFO
SIGXFSZ: [libjvm.so+0x907ca0], sa_mask[0]=11111111011111111101111111111110, sa_flags=SA_RESTART|SA_SIGINFO
SIGILL: [libjvm.so+0x907ca0], sa_mask[0]=11111111011111111101111111111110, sa_flags=SA_RESTART|SA_SIGINFO
SIGUSR1: SIG_DFL, sa_mask[0]=00000000000000000000000000000000, sa_flags=none
SIGUSR2: [libjvm.so+0x907b70], sa_mask[0]=00000000000000000000000000000000, sa_flags=SA_RESTART|SA_SIGINFO
SIGHUP: SIG_DFL, sa_mask[0]=00000000000000000000000000000000, sa_flags=none
SIGINT: SIG_DFL, sa_mask[0]=00000000000000000000000000000000, sa_flags=none
SIGTERM: SIG_DFL, sa_mask[0]=00000000000000000000000000000000, sa_flags=none
SIGQUIT: SIG_DFL, sa_mask[0]=00000000000000000000000000000000, sa_flags=none


---------------  S Y S T E M  ---------------

OS:DISTRIB_ID=Ubuntu
DISTRIB_RELEASE=14.04
DISTRIB_CODENAME=trusty
DISTRIB_DESCRIPTION="Ubuntu 14.04.5 LTS"

uname:Linux 3.13.0-161-generic #211-Ubuntu SMP Wed Oct 3 14:52:35 UTC 2018 x86_64
libc:glibc 2.19 NPTL 2.19 
rlimit: STACK 8192k, CORE 0k, NPROC 15932, NOFILE 4096, AS infinity
load average:0.25 0.12 0.12

/proc/meminfo:
MemTotal:        2049856 kB
MemFree:           86296 kB
Buffers:           28152 kB
Cached:           186136 kB
SwapCached:            0 kB
Active:          1776248 kB
Inactive:         122884 kB
Active(anon):    1685852 kB
Inactive(anon):    10656 kB
Active(file):      90396 kB
Inactive(file):   112228 kB
Unevictable:           0 kB
Mlocked:               0 kB
SwapTotal:             0 kB
SwapFree:              0 kB
Dirty:               108 kB
Writeback:             0 kB
AnonPages:       1684928 kB
Mapped:            56688 kB
Shmem:             11668 kB
Slab:              35196 kB
SReclaimable:      26100 kB
SUnreclaim:         9096 kB
KernelStack:        1296 kB
PageTables:         7984 kB
NFS_Unstable:          0 kB
Bounce:                0 kB
WritebackTmp:          0 kB
CommitLimit:     1024928 kB
Committed_AS:    2140960 kB
VmallocTotal:   34359738367 kB
VmallocUsed:       26504 kB
VmallocChunk:   34359706616 kB
HardwareCorrupted:     0 kB
AnonHugePages:   1425408 kB
HugePages_Total:       0
HugePages_Free:        0
HugePages_Rsvd:        0
HugePages_Surp:        0
Hugepagesize:       2048 kB
DirectMap4k:       34752 kB
DirectMap2M:     2062336 kB


CPU:total 1 (initial active 1) (1 cores per cpu, 1 threads per core) family 21 model 48 stepping 1, cmov, cx8, fxsr, mmx, sse, sse2, sse3, ssse3, sse4.1, sse4.2, popcnt, avx, aes, clmul, mmxext, lzcnt, sse4a, tsc

/proc/cpuinfo:
processor	: 0
vendor_id	: AuthenticAMD
cpu family	: 21
model		: 48
model name	: AMD A10-7800 Radeon R7, 12 Compute Cores 4C+8G
stepping	: 1
microcode	: 0x6000626
cpu MHz		: 3491.275
cache size	: 2048 KB
physical id	: 0
siblings	: 1
core id		: 0
cpu cores	: 1
apicid		: 0
initial apicid	: 0
fpu		: yes
fpu_exception	: yes
cpuid level	: 13
wp		: yes
flags		: fpu vme de pse tsc msr pae mce cx8 apic sep mtrr pge mca cmov pat pse36 clflush mmx fxsr sse sse2 syscall nx mmxext fxsr_opt rdtscp lm rep_good nopl extd_apicid eagerfpu pni pclmulqdq monitor ssse3 cx16 sse4_1 sse4_2 popcnt aes xsave avx lahf_lm cr8_legacy abm sse4a misalignsse 3dnowprefetch arat rsb_ctxsw ssbd ls_cfg_ssbd retpoline retpoline_amd vmmcall fsgsbase
bogomips	: 6982.55
TLB size	: 1536 4K pages
clflush size	: 64
cache_alignment	: 64
address sizes	: 48 bits physical, 48 bits virtual
power management:



Memory: 4k page, physical 2049856k(86296k free), swap 0k(0k free)

vm_info: Java HotSpot(TM) 64-Bit Server VM (25.191-b12) for linux-amd64 JRE (1.8.0_191-b12), built on Oct  6 2018 05:43:09 by "java_re" with gcc 7.3.0

time: Wed Nov 14 18:04:58 2018
elapsed time: 0 seconds (0d 0h 0m 0s)

