#
# There is insufficient memory for the Java Runtime Environment to continue.
# Native memory allocation (mmap) failed to map 986513408 bytes for committing reserved memory.
# Possible reasons:
#   The system is out of physical RAM or swap space
#   In 32 bit mode, the process size limit was hit
# Possible solutions:
#   Reduce memory load on the system
#   Increase physical memory or swap space
#   Check if swap backing store is full
#   Use 64 bit Java on a 64 bit OS
#   Decrease Java heap size (-Xmx/-Xms)
#   Decrease number of Java threads
#   Decrease Java thread stack sizes (-Xss)
#   Set larger code cache with -XX:ReservedCodeCacheSize=
# This output file may be truncated or incomplete.
#
#  Out of Memory Error (os_linux.cpp:2743), pid=10848, tid=0x00007f957b5e5700
#
# JRE version:  (8.0_191-b12) (build )
# Java VM: Java HotSpot(TM) 64-Bit Server VM (25.191-b12 mixed mode linux-amd64 compressed oops)
# Failed to write core dump. Core dumps have been disabled. To enable core dumping, try "ulimit -c unlimited" before starting Java again
#

---------------  T H R E A D  ---------------

Current thread (0x00007f957400d000):  JavaThread "Unknown thread" [_thread_in_vm, id=10896, stack(0x00007f957b4e5000,0x00007f957b5e6000)]

Stack: [0x00007f957b4e5000,0x00007f957b5e6000],  sp=0x00007f957b5e44c0,  free space=1021k
Native frames: (J=compiled Java code, j=interpreted, Vv=VM code, C=native code)
V  [libjvm.so+0xace425]  VMError::report_and_die()+0x2c5
V  [libjvm.so+0x4deb77]  report_vm_out_of_memory(char const*, int, unsigned long, VMErrorType, char const*)+0x67
V  [libjvm.so+0x90c570]  os::pd_commit_memory(char*, unsigned long, unsigned long, bool)+0x100
V  [libjvm.so+0x903eaf]  os::commit_memory(char*, unsigned long, unsigned long, bool)+0x1f
V  [libjvm.so+0xaca93c]  VirtualSpace::initialize(ReservedSpace, unsigned long)+0x20c
V  [libjvm.so+0x5ea477]  CardGeneration::CardGeneration(ReservedSpace, unsigned long, int, GenRemSet*)+0xc7
V  [libjvm.so+0x4bc7de]  ConcurrentMarkSweepGeneration::ConcurrentMarkSweepGeneration(ReservedSpace, unsigned long, int, CardTableRS*, bool, FreeBlockDictionary<FreeChunk>::DictionaryChoice)+0x2e
V  [libjvm.so+0x5eb842]  GenerationSpec::init(ReservedSpace, int, GenRemSet*)+0x182
V  [libjvm.so+0x5d699f]  GenCollectedHeap::initialize()+0x20f
V  [libjvm.so+0xa922ba]  Universe::initialize_heap()+0x16a
V  [libjvm.so+0xa92593]  universe_init()+0x33
V  [libjvm.so+0x62f0f0]  init_globals()+0x50
V  [libjvm.so+0xa74c57]  Threads::create_vm(JavaVMInitArgs*, bool*)+0x257
V  [libjvm.so+0x6d49ff]  JNI_CreateJavaVM+0x4f
C  [libjli.so+0x7e74]  JavaMain+0x84
C  [libpthread.so.0+0x8184]  start_thread+0xc4


---------------  P R O C E S S  ---------------

Java Threads: ( => current thread )

Other Threads:

=>0x00007f957400d000 (exited) JavaThread "Unknown thread" [_thread_in_vm, id=10896, stack(0x00007f957b4e5000,0x00007f957b5e6000)]

VM state:not at safepoint (not fully initialized)

VM Mutex/Monitor currently owned by a thread: None

GC Heap History (0 events):
No events

Deoptimization events (0 events):
No events

Classes redefined (0 events):
No events

Internal exceptions (0 events):
No events

Events (0 events):
No events


Dynamic libraries:
00400000-00401000 r-xp 00000000 08:01 535033                             /usr/lib/jvm/java-8-oracle/jre/bin/java
00600000-00601000 r--p 00000000 08:01 535033                             /usr/lib/jvm/java-8-oracle/jre/bin/java
00601000-00602000 rw-p 00001000 08:01 535033                             /usr/lib/jvm/java-8-oracle/jre/bin/java
006a9000-006ca000 rw-p 00000000 00:00 0                                  [heap]
c0000000-c5330000 rw-p 00000000 00:00 0 
7f9560000000-7f9560021000 rw-p 00000000 00:00 0 
7f9560021000-7f9564000000 ---p 00000000 00:00 0 
7f9564b6c000-7f9564e29000 rw-p 00000000 00:00 0 
7f9564e29000-7f9564fff000 ---p 00000000 00:00 0 
7f9564fff000-7f9565000000 rw-p 00000000 00:00 0 
7f9565000000-7f9565270000 rwxp 00000000 00:00 0 
7f9565270000-7f9574000000 ---p 00000000 00:00 0 
7f9574000000-7f9574038000 rw-p 00000000 00:00 0 
7f9574038000-7f9578000000 ---p 00000000 00:00 0 
7f9578056000-7f9578157000 rw-p 00000000 00:00 0 
7f9578157000-7f9578158000 ---p 00000000 00:00 0 
7f9578158000-7f9578262000 rw-p 00000000 00:00 0                          [stack:10898]
7f9578262000-7f9578618000 ---p 00000000 00:00 0 
7f9578618000-7f9578632000 r-xp 00000000 08:01 669661                     /usr/lib/jvm/java-8-oracle/jre/lib/amd64/libzip.so
7f9578632000-7f9578832000 ---p 0001a000 08:01 669661                     /usr/lib/jvm/java-8-oracle/jre/lib/amd64/libzip.so
7f9578832000-7f9578833000 r--p 0001a000 08:01 669661                     /usr/lib/jvm/java-8-oracle/jre/lib/amd64/libzip.so
7f9578833000-7f9578834000 rw-p 0001b000 08:01 669661                     /usr/lib/jvm/java-8-oracle/jre/lib/amd64/libzip.so
7f9578838000-7f9578842000 r-xp 00000000 08:01 3046                       /lib/x86_64-linux-gnu/libnss_files-2.19.so
7f9578842000-7f9578a41000 ---p 0000a000 08:01 3046                       /lib/x86_64-linux-gnu/libnss_files-2.19.so
7f9578a41000-7f9578a42000 r--p 00009000 08:01 3046                       /lib/x86_64-linux-gnu/libnss_files-2.19.so
7f9578a42000-7f9578a43000 rw-p 0000a000 08:01 3046                       /lib/x86_64-linux-gnu/libnss_files-2.19.so
7f9578a48000-7f9578a53000 r-xp 00000000 08:01 2993                       /lib/x86_64-linux-gnu/libnss_nis-2.19.so
7f9578a53000-7f9578c52000 ---p 0000b000 08:01 2993                       /lib/x86_64-linux-gnu/libnss_nis-2.19.so
7f9578c52000-7f9578c53000 r--p 0000a000 08:01 2993                       /lib/x86_64-linux-gnu/libnss_nis-2.19.so
7f9578c53000-7f9578c54000 rw-p 0000b000 08:01 2993                       /lib/x86_64-linux-gnu/libnss_nis-2.19.so
7f9578c58000-7f9578c6f000 r-xp 00000000 08:01 2996                       /lib/x86_64-linux-gnu/libnsl-2.19.so
7f9578c6f000-7f9578e6e000 ---p 00017000 08:01 2996                       /lib/x86_64-linux-gnu/libnsl-2.19.so
7f9578e6e000-7f9578e6f000 r--p 00016000 08:01 2996                       /lib/x86_64-linux-gnu/libnsl-2.19.so
7f9578e6f000-7f9578e70000 rw-p 00017000 08:01 2996                       /lib/x86_64-linux-gnu/libnsl-2.19.so
7f9578e70000-7f9578e72000 rw-p 00000000 00:00 0 
7f9578e78000-7f9578e81000 r-xp 00000000 08:01 2964                       /lib/x86_64-linux-gnu/libnss_compat-2.19.so
7f9578e81000-7f9579080000 ---p 00009000 08:01 2964                       /lib/x86_64-linux-gnu/libnss_compat-2.19.so
7f9579080000-7f9579081000 r--p 00008000 08:01 2964                       /lib/x86_64-linux-gnu/libnss_compat-2.19.so
7f9579081000-7f9579082000 rw-p 00009000 08:01 2964                       /lib/x86_64-linux-gnu/libnss_compat-2.19.so
7f9579088000-7f95790b5000 r-xp 00000000 08:01 669650                     /usr/lib/jvm/java-8-oracle/jre/lib/amd64/libjava.so
7f95790b5000-7f95792b4000 ---p 0002d000 08:01 669650                     /usr/lib/jvm/java-8-oracle/jre/lib/amd64/libjava.so
7f95792b4000-7f95792b5000 r--p 0002c000 08:01 669650                     /usr/lib/jvm/java-8-oracle/jre/lib/amd64/libjava.so
7f95792b5000-7f95792b7000 rw-p 0002d000 08:01 669650                     /usr/lib/jvm/java-8-oracle/jre/lib/amd64/libjava.so
7f95792b8000-7f95792c5000 r-xp 00000000 08:01 669669                     /usr/lib/jvm/java-8-oracle/jre/lib/amd64/libverify.so
7f95792c5000-7f95794c4000 ---p 0000d000 08:01 669669                     /usr/lib/jvm/java-8-oracle/jre/lib/amd64/libverify.so
7f95794c4000-7f95794c6000 r--p 0000c000 08:01 669669                     /usr/lib/jvm/java-8-oracle/jre/lib/amd64/libverify.so
7f95794c6000-7f95794c7000 rw-p 0000e000 08:01 669669                     /usr/lib/jvm/java-8-oracle/jre/lib/amd64/libverify.so
7f95794c8000-7f95794cf000 r-xp 00000000 08:01 3018                       /lib/x86_64-linux-gnu/librt-2.19.so
7f95794cf000-7f95796ce000 ---p 00007000 08:01 3018                       /lib/x86_64-linux-gnu/librt-2.19.so
7f95796ce000-7f95796cf000 r--p 00006000 08:01 3018                       /lib/x86_64-linux-gnu/librt-2.19.so
7f95796cf000-7f95796d0000 rw-p 00007000 08:01 3018                       /lib/x86_64-linux-gnu/librt-2.19.so
7f95796d0000-7f95797d5000 r-xp 00000000 08:01 2975                       /lib/x86_64-linux-gnu/libm-2.19.so
7f95797d5000-7f95799d4000 ---p 00105000 08:01 2975                       /lib/x86_64-linux-gnu/libm-2.19.so
7f95799d4000-7f95799d5000 r--p 00104000 08:01 2975                       /lib/x86_64-linux-gnu/libm-2.19.so
7f95799d5000-7f95799d6000 rw-p 00105000 08:01 2975                       /lib/x86_64-linux-gnu/libm-2.19.so
7f95799d8000-7f957a6ba000 r-xp 00000000 08:01 669675                     /usr/lib/jvm/java-8-oracle/jre/lib/amd64/server/libjvm.so
7f957a6ba000-7f957a8ba000 ---p 00ce2000 08:01 669675                     /usr/lib/jvm/java-8-oracle/jre/lib/amd64/server/libjvm.so
7f957a8ba000-7f957a950000 r--p 00ce2000 08:01 669675                     /usr/lib/jvm/java-8-oracle/jre/lib/amd64/server/libjvm.so
7f957a950000-7f957a981000 rw-p 00d78000 08:01 669675                     /usr/lib/jvm/java-8-oracle/jre/lib/amd64/server/libjvm.so
7f957a981000-7f957a9bc000 rw-p 00000000 00:00 0 
7f957a9c0000-7f957ab7e000 r-xp 00000000 08:01 2941                       /lib/x86_64-linux-gnu/libc-2.19.so
7f957ab7e000-7f957ad7e000 ---p 001be000 08:01 2941                       /lib/x86_64-linux-gnu/libc-2.19.so
7f957ad7e000-7f957ad82000 r--p 001be000 08:01 2941                       /lib/x86_64-linux-gnu/libc-2.19.so
7f957ad82000-7f957ad84000 rw-p 001c2000 08:01 2941                       /lib/x86_64-linux-gnu/libc-2.19.so
7f957ad84000-7f957ad89000 rw-p 00000000 00:00 0 
7f957ad90000-7f957ad93000 r-xp 00000000 08:01 3143                       /lib/x86_64-linux-gnu/libdl-2.19.so
7f957ad93000-7f957af92000 ---p 00003000 08:01 3143                       /lib/x86_64-linux-gnu/libdl-2.19.so
7f957af92000-7f957af93000 r--p 00002000 08:01 3143                       /lib/x86_64-linux-gnu/libdl-2.19.so
7f957af93000-7f957af94000 rw-p 00003000 08:01 3143                       /lib/x86_64-linux-gnu/libdl-2.19.so
7f957af98000-7f957afaf000 r-xp 00000000 08:01 669684                     /usr/lib/jvm/java-8-oracle/jre/lib/amd64/jli/libjli.so
7f957afaf000-7f957b1ae000 ---p 00017000 08:01 669684                     /usr/lib/jvm/java-8-oracle/jre/lib/amd64/jli/libjli.so
7f957b1ae000-7f957b1af000 r--p 00016000 08:01 669684                     /usr/lib/jvm/java-8-oracle/jre/lib/amd64/jli/libjli.so
7f957b1af000-7f957b1b0000 rw-p 00017000 08:01 669684                     /usr/lib/jvm/java-8-oracle/jre/lib/amd64/jli/libjli.so
7f957b1b0000-7f957b1c9000 r-xp 00000000 08:01 2968                       /lib/x86_64-linux-gnu/libpthread-2.19.so
7f957b1c9000-7f957b3c8000 ---p 00019000 08:01 2968                       /lib/x86_64-linux-gnu/libpthread-2.19.so
7f957b3c8000-7f957b3c9000 r--p 00018000 08:01 2968                       /lib/x86_64-linux-gnu/libpthread-2.19.so
7f957b3c9000-7f957b3ca000 rw-p 00019000 08:01 2968                       /lib/x86_64-linux-gnu/libpthread-2.19.so
7f957b3ca000-7f957b3ce000 rw-p 00000000 00:00 0 
7f957b3d0000-7f957b3f3000 r-xp 00000000 08:01 3086                       /lib/x86_64-linux-gnu/ld-2.19.so
7f957b4d8000-7f957b4e0000 rw-s 00000000 08:01 279053                     /tmp/hsperfdata_vagrant/10848
7f957b4e5000-7f957b4e8000 ---p 00000000 00:00 0 
7f957b4e8000-7f957b5e8000 rw-p 00000000 00:00 0                          [stack:10896]
7f957b5ec000-7f957b5f1000 rw-p 00000000 00:00 0 
7f957b5f1000-7f957b5f2000 r--p 00000000 00:00 0 
7f957b5f2000-7f957b5f3000 r--p 00022000 08:01 3086                       /lib/x86_64-linux-gnu/ld-2.19.so
7f957b5f3000-7f957b5f4000 rw-p 00023000 08:01 3086                       /lib/x86_64-linux-gnu/ld-2.19.so
7f957b5f4000-7f957b5f6000 rw-p 00000000 00:00 0 
7f957b5f6000-7f957b5f8000 rw-p 00000000 00:00 0 
7ffec95c1000-7ffec95e3000 rw-p 00000000 00:00 0                          [stack]
7ffec95f8000-7ffec95fa000 r-xp 00000000 00:00 0                          [vdso]
ffffffffff600000-ffffffffff601000 r-xp 00000000 00:00 0                  [vsyscall]

VM Arguments:
jvm_args: -Xms1g -Xmx1g -XX:+UseConcMarkSweepGC -XX:CMSInitiatingOccupancyFraction=75 -XX:+UseCMSInitiatingOccupancyOnly -XX:+AlwaysPreTouch -Xss1m -Djava.awt.headless=true -Dfile.encoding=UTF-8 -Djna.nosys=true -XX:-OmitStackTraceInFastThrow -Dio.netty.noUnsafe=true -Dio.netty.noKeySetOptimization=true -Dio.netty.recycler.maxCapacityPerThread=0 -Dlog4j.shutdownHookEnabled=false -Dlog4j2.disable.jmx=true -Djava.io.tmpdir=/tmp/elasticsearch.yh10IRQH -XX:+HeapDumpOnOutOfMemoryError -XX:+PrintGCDetails -XX:+PrintGCDateStamps -XX:+PrintTenuringDistribution -XX:+PrintGCApplicationStoppedTime -Xloggc:logs/gc.log -XX:+UseGCLogFileRotation -XX:NumberOfGCLogFiles=32 -XX:GCLogFileSize=64m -Des.path.home=//vagrant/chelsea/elasticsearch-6.2.3 -Des.path.conf=//vagrant/chelsea/elasticsearch-6.2.3/config 
java_command: org.elasticsearch.bootstrap.Elasticsearch -E cluster.name=elasticsearch-test-vagrant-ubuntu-trusty-64 -E node.name=node-2 -E http.port=9251 -E path.data=/tmp/elasticsearch_test -E path.logs=/tmp/log/elasticsearch -E cluster.routing.allocation.disk.threshold_enabled=false -E network.host=_local_ -E node.attr.testattr=test -E path.repo=/tmp -E repositories.url.allowed_urls=http://snapshot.test* -E discovery.zen.minimum_master_nodes=1 -E node.max_local_storage_nodes=2 -E logger.level=INFO
java_class_path (initial): //vagrant/chelsea/elasticsearch-6.2.3/lib/elasticsearch-6.2.3.jar://vagrant/chelsea/elasticsearch-6.2.3/lib/elasticsearch-cli-6.2.3.jar://vagrant/chelsea/elasticsearch-6.2.3/lib/elasticsearch-core-6.2.3.jar://vagrant/chelsea/elasticsearch-6.2.3/lib/elasticsearch-launchers-6.2.3.jar://vagrant/chelsea/elasticsearch-6.2.3/lib/HdrHistogram-2.1.9.jar://vagrant/chelsea/elasticsearch-6.2.3/lib/hppc-0.7.1.jar://vagrant/chelsea/elasticsearch-6.2.3/lib/jackson-core-2.8.10.jar://vagrant/chelsea/elasticsearch-6.2.3/lib/jackson-dataformat-cbor-2.8.10.jar://vagrant/chelsea/elasticsearch-6.2.3/lib/jackson-dataformat-smile-2.8.10.jar://vagrant/chelsea/elasticsearch-6.2.3/lib/jackson-dataformat-yaml-2.8.10.jar://vagrant/chelsea/elasticsearch-6.2.3/lib/jna-4.5.1.jar://vagrant/chelsea/elasticsearch-6.2.3/lib/joda-time-2.9.9.jar://vagrant/chelsea/elasticsearch-6.2.3/lib/jopt-simple-5.0.2.jar://vagrant/chelsea/elasticsearch-6.2.3/lib/jts-1.13.jar://vagrant/chelsea/elasticsearch-6.2.3/lib/log4j-1.2-api-2.9.1.jar://vagrant/chelsea/elasticsearch-6.2.3/lib/log4j-api-2.9.1.jar://vagrant/chelsea/elasticsearch-6.2.3/lib/log4j-core-2.9.1.jar://vagrant/chelsea/elasticsearch-6.2.3/lib/lucene-analyzers-common-7.2.1.jar://vagrant/chelsea/elasticsearch-6.2.3/lib/lucene-backward-codecs-7.2.1.jar://vagrant/chelsea/elasticsearch-6.2.3/lib/lucene-core-7.2.1.jar://vagrant/chelsea/elasticsearch-6.2.3/lib/lucene-grouping-7.2.1.jar://vagrant/chelsea/elasticsearch-6.2.3/lib/lucene-highlighter-7.2.1.jar://vagrant/chelsea/elasticsearch-6.2.3/lib/lucene-join-7.2.1.jar://vagrant/chelsea/elasticsearch-6.2.3/lib/lucene-memory-7.2.1.jar://vagrant/chelsea/elasticsearch-6.2.3/lib/lucene-misc-7.2.1.jar://vagrant/chelsea/elasticsearch-6.2.3/lib/lucene-queries-7.2.1.jar://vagrant/chelsea/elasticsearch-6.2.3/lib/lucene-queryparser-7.2.1.jar://vagrant/chelsea/elasticsearch-6.2.3/lib/lucene-sandbox-7.2.1.jar://vagrant/chelsea/elasticsearch-6.2.3/lib/lucene-spatial-7.2.1.jar://vagrant/chelsea/el
Launcher Type: SUN_STANDARD

Environment Variables:
JAVA_HOME=C:Program
PATH=/home/vagrant/.rbenv/versions/2.5.3/lib/ruby/gems/2.5.0/bin:/home/vagrant/.rbenv/versions/2.5.3/bin:/usr/lib/rbenv/libexec:/home/vagrant/.rbenv/plugins/ruby-build/bin:/home/vagrant/.rbenv/shims:/home/vagrant/.rbenv/bin:/usr/local/sbin:/usr/local/bin:/usr/sbin:/usr/bin:/sbin:/bin:/usr/games:/usr/local/games
SHELL=/bin/bash

Signal Handlers:
SIGSEGV: [libjvm.so+0xaced60], sa_mask[0]=11111111011111111101111111111110, sa_flags=SA_RESTART|SA_SIGINFO
SIGBUS: [libjvm.so+0xaced60], sa_mask[0]=11111111011111111101111111111110, sa_flags=SA_RESTART|SA_SIGINFO
SIGFPE: [libjvm.so+0x907ca0], sa_mask[0]=11111111011111111101111111111110, sa_flags=SA_RESTART|SA_SIGINFO
SIGPIPE: [libjvm.so+0x907ca0], sa_mask[0]=11111111011111111101111111111110, sa_flags=SA_RESTART|SA_SIGINFO
SIGXFSZ: [libjvm.so+0x907ca0], sa_mask[0]=11111111011111111101111111111110, sa_flags=SA_RESTART|SA_SIGINFO
SIGILL: [libjvm.so+0x907ca0], sa_mask[0]=11111111011111111101111111111110, sa_flags=SA_RESTART|SA_SIGINFO
SIGUSR1: SIG_DFL, sa_mask[0]=00000000000000000000000000000000, sa_flags=none
SIGUSR2: [libjvm.so+0x907b70], sa_mask[0]=00000000000000000000000000000000, sa_flags=SA_RESTART|SA_SIGINFO
SIGHUP: SIG_DFL, sa_mask[0]=00000000000000000000000000000000, sa_flags=none
SIGINT: SIG_DFL, sa_mask[0]=00000000000000000000000000000000, sa_flags=none
SIGTERM: SIG_DFL, sa_mask[0]=00000000000000000000000000000000, sa_flags=none
SIGQUIT: SIG_DFL, sa_mask[0]=00000000000000000000000000000000, sa_flags=none


---------------  S Y S T E M  ---------------

OS:DISTRIB_ID=Ubuntu
DISTRIB_RELEASE=14.04
DISTRIB_CODENAME=trusty
DISTRIB_DESCRIPTION="Ubuntu 14.04.5 LTS"

uname:Linux 3.13.0-161-generic #211-Ubuntu SMP Wed Oct 3 14:52:35 UTC 2018 x86_64
libc:glibc 2.19 NPTL 2.19 
rlimit: STACK 8192k, CORE 0k, NPROC 15932, NOFILE 4096, AS infinity
load average:0.81 0.47 0.23

/proc/meminfo:
MemTotal:        2049856 kB
MemFree:          119364 kB
Buffers:           12132 kB
Cached:           255648 kB
SwapCached:            0 kB
Active:          1684872 kB
Inactive:         136396 kB
Active(anon):    1554500 kB
Inactive(anon):    10656 kB
Active(file):     130372 kB
Inactive(file):   125740 kB
Unevictable:           0 kB
Mlocked:               0 kB
SwapTotal:             0 kB
SwapFree:              0 kB
Dirty:               272 kB
Writeback:             0 kB
AnonPages:       1553508 kB
Mapped:            51632 kB
Shmem:             11668 kB
Slab:              80572 kB
SReclaimable:      70000 kB
SUnreclaim:        10572 kB
KernelStack:        1232 kB
PageTables:         7684 kB
NFS_Unstable:          0 kB
Bounce:                0 kB
WritebackTmp:          0 kB
CommitLimit:     1024928 kB
Committed_AS:    2008784 kB
VmallocTotal:   34359738367 kB
VmallocUsed:       26504 kB
VmallocChunk:   34359705592 kB
HardwareCorrupted:     0 kB
AnonHugePages:   1230848 kB
HugePages_Total:       0
HugePages_Free:        0
HugePages_Rsvd:        0
HugePages_Surp:        0
Hugepagesize:       2048 kB
DirectMap4k:       34752 kB
DirectMap2M:     2062336 kB


CPU:total 1 (initial active 1) (1 cores per cpu, 1 threads per core) family 21 model 48 stepping 1, cmov, cx8, fxsr, mmx, sse, sse2, sse3, ssse3, sse4.1, sse4.2, popcnt, avx, aes, clmul, mmxext, lzcnt, sse4a, tsc

/proc/cpuinfo:
processor	: 0
vendor_id	: AuthenticAMD
cpu family	: 21
model		: 48
model name	: AMD A10-7800 Radeon R7, 12 Compute Cores 4C+8G
stepping	: 1
microcode	: 0x6000626
cpu MHz		: 3491.689
cache size	: 2048 KB
physical id	: 0
siblings	: 1
core id		: 0
cpu cores	: 1
apicid		: 0
initial apicid	: 0
fpu		: yes
fpu_exception	: yes
cpuid level	: 13
wp		: yes
flags		: fpu vme de pse tsc msr pae mce cx8 apic sep mtrr pge mca cmov pat pse36 clflush mmx fxsr sse sse2 syscall nx mmxext fxsr_opt rdtscp lm rep_good nopl extd_apicid eagerfpu pni pclmulqdq monitor ssse3 cx16 sse4_1 sse4_2 popcnt aes xsave avx lahf_lm cr8_legacy abm sse4a misalignsse 3dnowprefetch arat rsb_ctxsw ssbd ls_cfg_ssbd retpoline retpoline_amd vmmcall fsgsbase
bogomips	: 6983.37
TLB size	: 1536 4K pages
clflush size	: 64
cache_alignment	: 64
address sizes	: 48 bits physical, 48 bits virtual
power management:



Memory: 4k page, physical 2049856k(119364k free), swap 0k(0k free)

vm_info: Java HotSpot(TM) 64-Bit Server VM (25.191-b12) for linux-amd64 JRE (1.8.0_191-b12), built on Oct  6 2018 05:43:09 by "java_re" with gcc 7.3.0

time: Tue Nov 13 21:50:23 2018
elapsed time: 0 seconds (0d 0h 0m 0s)

